<?xml version="1.0" encoding="UTF-8"?>
<testsuites name="Mocha Tests" time="1.931" tests="1" failures="0">
  <testsuite name="Root Suite" timestamp="2025-06-10T13:29:36" tests="0" file="cypress/e2e/Spec3.cy.js" time="0.000" failures="0">
  </testsuite>
  <testsuite name="Spec3" timestamp="2025-06-10T13:29:36" tests="1" time="1.930" failures="0">
    <testcase name="Spec3 1- Mouse Actions &gt; Click / Double Click / Right Click" time="0.863" classname="1- Mouse Actions &gt; Click / Double Click / Right Click">
    </testcase>
  </testsuite>
</testsuites>