<?xml version="1.0" encoding="UTF-8"?>
<testsuites name="Mocha Tests" time="0.227" tests="1" failures="1">
  <testsuite name="Root Suite" timestamp="2025-06-10T13:00:30" tests="0" file="cypress/e2e/Spec2.cy.js" time="0.000" failures="0">
  </testsuite>
  <testsuite name="Spec2 - Keyboard Actions Suite" timestamp="2025-06-10T13:00:30" tests="1" time="0.226" failures="1">
    <testcase name="Spec2 - Keyboard Actions Suite &quot;before each&quot; hook for &quot;1- Type and Press Enter&quot;" time="0.000" classname="&quot;before each&quot; hook for &quot;1- Type and Press Enter&quot;">
      <failure message="Syntax error, unrecognized expression: https://example.cypress.io

Because this error occurred during a `before each` hook we are skipping the remaining tests in the current suite: `Spec2 - Keyboard Actions Suite`" type="Error"><![CDATA[Error: Syntax error, unrecognized expression: https://example.cypress.io

Because this error occurred during a `before each` hook we are skipping the remaining tests in the current suite: `Spec2 - Keyboard Actions Suite`
    at find.error (http://localhost:52766/__cypress/runner/cypress_runner.js:8298:8)
    at tokenize (http://localhost:52766/__cypress/runner/cypress_runner.js:8964:8)
    at select (http://localhost:52766/__cypress/runner/cypress_runner.js:9423:20)
    at Function.find (http://localhost:52766/__cypress/runner/cypress_runner.js:7734:9)
    at jQuery.fn.init.find (http://localhost:52766/__cypress/runner/cypress_runner.js:9633:11)
    at new jQuery.fn.init (http://localhost:52766/__cypress/runner/cypress_runner.js:9748:40)
    at Object.query (http://localhost:52766/__cypress/runner/cypress_runner.js:17940:10)
    at $Cy.$$ (http://localhost:52766/__cypress/runner/cypress_runner.js:143095:57)
    at <unknown> (http://localhost:52766/__cypress/runner/cypress_runner.js:135059:18)
    at Object.subjectFn (http://localhost:52766/__cypress/runner/cypress_runner.js:146928:16)
    at $Cy.verifyUpcomingAssertions (http://localhost:52766/__cypress/runner/cypress_runner.js:146250:31)
    at onRetry (http://localhost:52766/__cypress/runner/cypress_runner.js:146919:15)
    at retryQuery (http://localhost:52766/__cypress/runner/cypress_runner.js:146932:10)
    at <unknown> (http://localhost:52766/__cypress/runner/cypress_runner.js:147085:17)
    at tryCatcher (http://localhost:52766/__cypress/runner/cypress_runner.js:1777:23)
    at Promise._settlePromiseFromHandler (http://localhost:52766/__cypress/runner/cypress_runner.js:1489:31)
    at Promise._settlePromise (http://localhost:52766/__cypress/runner/cypress_runner.js:1546:18)
    at Promise._settlePromiseCtx (http://localhost:52766/__cypress/runner/cypress_runner.js:1583:10)
    at _drainQueueStep (http://localhost:52766/__cypress/runner/cypress_runner.js:2381:12)
    at _drainQueue (http://localhost:52766/__cypress/runner/cypress_runner.js:2370:9)
    at Async._drainQueues (http://localhost:52766/__cypress/runner/cypress_runner.js:2386:5)
    at Async.drainQueues (http://localhost:52766/__cypress/runner/cypress_runner.js:2256:14)]]></failure>
    </testcase>
  </testsuite>
</testsuites>