<?xml version="1.0" encoding="UTF-8"?>
<testsuites name="Mocha Tests" time="2.305" tests="1" failures="0">
  <testsuite name="Root Suite" timestamp="2025-06-10T13:00:26" tests="0" file="cypress/e2e/Spec1.cy.js" time="0.000" failures="0">
  </testsuite>
  <testsuite name="Login Test Suite" timestamp="2025-06-10T13:00:26" tests="1" time="2.304" failures="0">
    <testcase name="Login Test Suite Logs in and verifies page title" time="1.332" classname="Logs in and verifies page title">
    </testcase>
  </testsuite>
</testsuites>