<?xml version="1.0" encoding="UTF-8"?>
<testsuites name="Mocha Tests" time="2.307" tests="1" failures="0">
  <testsuite name="Root Suite" timestamp="2025-06-10T14:12:23" tests="0" file="cypress/e2e/Spec3.cy.js" time="0.000" failures="0">
  </testsuite>
  <testsuite name="Spec3" timestamp="2025-06-10T14:12:23" tests="1" time="2.307" failures="0">
    <testcase name="Spec3 1- Mouse Actions &gt; Click / Double Click / Right Click" time="1.143" classname="1- Mouse Actions &gt; Click / Double Click / Right Click">
    </testcase>
  </testsuite>
</testsuites>