<?xml version="1.0" encoding="UTF-8"?>
<testsuites name="Mocha Tests" time="3.286" tests="1" failures="0">
  <testsuite name="Root Suite" timestamp="2025-06-08T15:57:55" tests="0" file="cypress/e2e/Spec1.cy.js" time="0.000" failures="0">
  </testsuite>
  <testsuite name="Login Test Suite" timestamp="2025-06-08T15:57:55" tests="1" time="3.284" failures="0">
    <testcase name="Login Test Suite Logs in and verifies page title" time="1.913" classname="Logs in and verifies page title">
    </testcase>
  </testsuite>
</testsuites>