<?xml version="1.0" encoding="UTF-8"?>
<testsuites name="Mocha Tests" time="17.311" tests="7" failures="0">
  <testsuite name="Root Suite" timestamp="2025-06-10T14:12:04" tests="0" file="cypress/e2e/Spec2.cy.js" time="0.000" failures="0">
  </testsuite>
  <testsuite name="Keyboard Actions &amp; Input Manipulation Suite" timestamp="2025-06-10T14:12:04" tests="7" time="17.311" failures="0">
    <testcase name="Keyboard Actions &amp; Input Manipulation Suite 1- Type and Press Enter" time="1.464" classname="1- Type and Press Enter">
    </testcase>
    <testcase name="Keyboard Actions &amp; Input Manipulation Suite 2- Keyboard Sequences - Basic Typing" time="1.292" classname="2- Keyboard Sequences - Basic Typing">
    </testcase>
    <testcase name="Keyboard Actions &amp; Input Manipulation Suite 3- Keyboard Sequences - Using Navigation Keys" time="0.460" classname="3- Keyboard Sequences - Using Navigation Keys">
    </testcase>
    <testcase name="Keyboard Actions &amp; Input Manipulation Suite 4- Keyboard Sequences - Modifier Keys (Cmd/Meta)" time="0.830" classname="4- Keyboard Sequences - Modifier Keys (Cmd/Meta)">
    </testcase>
    <testcase name="Keyboard Actions &amp; Input Manipulation Suite 5- Clear Input Field Methods" time="1.227" classname="5- Clear Input Field Methods">
    </testcase>
    <testcase name="Keyboard Actions &amp; Input Manipulation Suite 6- Typing with Delay Option" time="10.091" classname="6- Typing with Delay Option">
    </testcase>
    <testcase name="Keyboard Actions &amp; Input Manipulation Suite 7- Repeat Text Using JS String Method" time="0.829" classname="7- Repeat Text Using JS String Method">
    </testcase>
  </testsuite>
</testsuites>