<?xml version="1.0" encoding="UTF-8"?>
<testsuites name="Mocha Tests" time="1.853" tests="1" failures="1">
  <testsuite name="Root Suite" timestamp="2025-06-10T14:43:45" tests="0" file="cypress/e2e/Spec3.cy.js" time="0.000" failures="0">
  </testsuite>
  <testsuite name="Spec3" timestamp="2025-06-10T14:43:45" tests="1" time="1.853" failures="1">
    <testcase name="Spec3 1- Mouse Actions &gt; Click / Double Click / Right Click" time="0.000" classname="1- Mouse Actions &gt; Click / Double Click / Right Click">
      <failure message="Cannot read properties of undefined (reading &apos;clickMeButton&apos;)" type="TypeError"><![CDATA[TypeError: Cannot read properties of undefined (reading 'clickMeButton')
    at Context.eval (webpack://cypress/./cypress/e2e/Spec3.cy.js:22:13)
    at runnable.fn (https://example.cypress.io/__cypress/runner/cypress_runner.js:141400:19)
    at callFn (https://example.cypress.io/__cypress/runner/cypress_runner.js:160478:21)
    at Runnable.run (https://example.cypress.io/__cypress/runner/cypress_runner.js:160465:7)
    at <unknown> (https://example.cypress.io/__cypress/runner/cypress_runner.js:166537:30)
    at PassThroughHandlerContext.finallyHandler (https://example.cypress.io/__cypress/runner/cypress_runner.js:4042:23)
    at PassThroughHandlerContext.tryCatcher (https://example.cypress.io/__cypress/runner/cypress_runner.js:1777:23)
    at Promise._settlePromiseFromHandler (https://example.cypress.io/__cypress/runner/cypress_runner.js:1489:31)
    at Promise._settlePromise (https://example.cypress.io/__cypress/runner/cypress_runner.js:1546:18)]]></failure>
    </testcase>
  </testsuite>
</testsuites>