<?xml version="1.0" encoding="UTF-8"?>
<testsuites name="Mocha Tests" time="1.750" tests="1" failures="0">
  <testsuite name="Root Suite" timestamp="2025-06-10T13:08:07" tests="0" file="cypress/e2e/Spec2.cy.js" time="0.000" failures="0">
  </testsuite>
  <testsuite name="Spec2 - Keyboard Actions Suite" timestamp="2025-06-10T13:08:07" tests="1" time="1.750" failures="0">
    <testcase name="Spec2 - Keyboard Actions Suite 1- Type and Press Enter" time="0.847" classname="1- Type and Press Enter">
    </testcase>
  </testsuite>
</testsuites>