<?xml version="1.0" encoding="UTF-8"?>
<testsuites name="Mocha Tests" time="1.165" tests="1" failures="0">
  <testsuite name="Root Suite" timestamp="2025-06-15T16:20:20" tests="0" file="cypress/e2e/Spec3.cy.js" time="0.000" failures="0">
  </testsuite>
  <testsuite name="Mouse Actions Suite" timestamp="2025-06-15T16:20:20" tests="1" time="1.165" failures="0">
    <testcase name="Mouse Actions Suite 1- Click and Verify Popover" time="0.451" classname="1- Click and Verify Popover">
    </testcase>
  </testsuite>
</testsuites>